<?xml version="1.0" encoding="UTF-8"?>
<!-- Generated by org.testng.reporters.JUnitXMLReporter -->
<testsuite ignored="0" hostname="Arun" failures="3" tests="6" name="Banking App Test" time="24.808" errors="0" timestamp="2023-08-13T19:05:10 IST">
  <testcase classname="com.internetBanking.testCases.TC_LoginTest_001" name="loginTest" time="1.301"/>
  <testcase classname="com.internetBanking.testCases.TC_LoginDD_002" name="loginDDT" time="2.781"/>
  <testcase classname="com.internetBanking.testCases.TC_LoginDD_002" name="loginDDT" time="0.514">
    <failure type="java.lang.AssertionError" message="expected [true] but found [false]">
      <![CDATA[java.lang.AssertionError: expected [true] but found [false]
at com.internetBanking.testCases.TC_LoginDD_002.loginDDT(TC_LoginDD_002.java:28)
at java.base/java.util.ArrayList.forEach(ArrayList.java:1511)
... Removed 31 stack frames]]>
    </failure>
  </testcase> <!-- loginDDT -->
  <testcase classname="com.internetBanking.testCases.TC_LoginDD_002" name="loginDDT" time="1.369">
    <failure type="java.lang.AssertionError" message="expected [true] but found [false]">
      <![CDATA[java.lang.AssertionError: expected [true] but found [false]
at com.internetBanking.testCases.TC_LoginDD_002.loginDDT(TC_LoginDD_002.java:28)
at java.base/java.util.ArrayList.forEach(ArrayList.java:1511)
... Removed 31 stack frames]]>
    </failure>
  </testcase> <!-- loginDDT -->
  <testcase classname="com.internetBanking.testCases.TC_LoginDD_002" name="loginDDT" time="1.491">
    <failure type="java.lang.AssertionError" message="expected [true] but found [false]">
      <![CDATA[java.lang.AssertionError: expected [true] but found [false]
at com.internetBanking.testCases.TC_LoginDD_002.loginDDT(TC_LoginDD_002.java:28)
at java.base/java.util.ArrayList.forEach(ArrayList.java:1511)
... Removed 31 stack frames]]>
    </failure>
  </testcase> <!-- loginDDT -->
  <testcase classname="com.internetBanking.testCases.TC_LoginDD_002" name="loginDDT" time="3.234"/>
</testsuite> <!-- Banking App Test -->
