<?xml version="1.0" encoding="UTF-8"?>
<!-- Generated by org.testng.reporters.JUnitXMLReporter -->
<testsuite ignored="0" hostname="Arun" failures="3" tests="3" name="Banking App Test(failed)" time="13.09" errors="0" timestamp="2023-08-13T18:47:20 IST">
  <testcase classname="com.internetBanking.testCases.TC_LoginDD_002" name="loginDDT" time="1.359">
    <failure type="java.lang.AssertionError" message="expected [true] but found [false]">
      <![CDATA[java.lang.AssertionError: expected [true] but found [false]
at com.internetBanking.testCases.TC_LoginDD_002.loginDDT(TC_LoginDD_002.java:28)
at java.base/java.util.ArrayList.forEach(ArrayList.java:1511)
... Removed 31 stack frames]]>
    </failure>
  </testcase> <!-- loginDDT -->
  <testcase classname="com.internetBanking.testCases.TC_LoginDD_002" name="loginDDT" time="1.428">
    <failure type="java.lang.AssertionError" message="expected [true] but found [false]">
      <![CDATA[java.lang.AssertionError: expected [true] but found [false]
at com.internetBanking.testCases.TC_LoginDD_002.loginDDT(TC_LoginDD_002.java:28)
at java.base/java.util.ArrayList.forEach(ArrayList.java:1511)
... Removed 31 stack frames]]>
    </failure>
  </testcase> <!-- loginDDT -->
  <testcase classname="com.internetBanking.testCases.TC_LoginDD_002" name="loginDDT" time="1.572">
    <failure type="java.lang.AssertionError" message="expected [true] but found [false]">
      <![CDATA[java.lang.AssertionError: expected [true] but found [false]
at com.internetBanking.testCases.TC_LoginDD_002.loginDDT(TC_LoginDD_002.java:28)
at java.base/java.util.ArrayList.forEach(ArrayList.java:1511)
... Removed 31 stack frames]]>
    </failure>
  </testcase> <!-- loginDDT -->
</testsuite> <!-- Banking App Test(failed) -->
